<?xml version="1.0" encoding="UTF-8"?>
<testsuite name="connectTest" tests="1" skipped="0" failures="0" errors="0" timestamp="2017-10-25T20:13:38" hostname="DESKTOP-ODUUL26" time="0.22">
  <properties/>
  <testcase name="connection" classname="connectTest" time="0.22"/>
  <system-out><![CDATA[Creating VirtualBox client instance
Connecting to VirtualBox using Web Services
Connected to VirtualBox using Web Services
]]></system-out>
  <system-err><![CDATA[]]></system-err>
</testsuite>
